一月 23, 2018 8:32:20 上午 com.genuitec.pulse.client.deliverypackage.runtime.internal.Activator initializeLoggers
信息: Package starting up at Tue Jan 23 08:32:20 GMT+08:00 2018
一月 23, 2018 8:32:24 上午 com.genuitec.pulse.client.deliverypackage.runtime.UpdatesService checkForWorkspaceUpdates
信息: Latest version of package has already been enabled in the workspace; check finished in 16ms
一月 23, 2018 8:54:23 上午 org.hibernate.eclipse.HibernatePlugin start
信息: HibernatePlugin Started
一月 23, 2018 8:54:31 上午 org.springframework.beans.factory.xml.XmlBeanDefinitionReader loadBeanDefinitions
信息: Loading XML bean definitions from file [E:/Workspaces_Shop/shop-manager/shop-manager-service/src/main/resources/spring/applicationContext-activemq.xml]
一月 23, 2018 8:54:32 上午 org.springframework.beans.factory.xml.XmlBeanDefinitionReader loadBeanDefinitions
信息: Loading XML bean definitions from file [E:/Workspaces_Shop/shop-search/shop-search-service/src/main/resources/spring/applicationContext-service.xml]
一月 23, 2018 8:54:33 上午 org.springframework.beans.factory.xml.XmlBeanDefinitionReader loadBeanDefinitions
信息: Loading XML bean definitions from file [E:/Workspaces_Shop/shop-search/shop-search-service/src/main/resources/spring/applicationContext-solr.xml]
一月 23, 2018 8:54:34 上午 org.springframework.beans.factory.xml.XmlBeanDefinitionReader loadBeanDefinitions
信息: Loading XML bean definitions from file [E:/Workspaces_Shop/shop-search/shop-search-service/src/main/resources/spring/applicationContext-dao.xml]
一月 23, 2018 8:54:34 上午 org.springframework.beans.factory.xml.XmlBeanDefinitionReader loadBeanDefinitions
信息: Loading XML bean definitions from file [E:/Workspaces_Shop/shop-home-web/src/main/resources/spring/springmvc.xml]
一月 23, 2018 8:54:35 上午 org.springframework.beans.factory.xml.XmlBeanDefinitionReader loadBeanDefinitions
信息: Loading XML bean definitions from file [E:/Workspaces_Shop/shop-manager/shop-manager-service/src/main/resources/spring/applicationContext-service.xml]
一月 23, 2018 8:54:36 上午 org.springframework.beans.factory.xml.XmlBeanDefinitionReader loadBeanDefinitions
信息: Loading XML bean definitions from file [E:/Workspaces_Shop/shop-manager/shop-manager-service/src/main/resources/spring/applicationContext-transaction.xml]
一月 23, 2018 8:54:36 上午 org.springframework.beans.factory.xml.XmlBeanDefinitionReader loadBeanDefinitions
信息: Loading XML bean definitions from file [E:/Workspaces_Shop/shop-manager/shop-manager-service/src/main/resources/spring/applicationContext-dao.xml]
一月 23, 2018 8:54:36 上午 org.springframework.beans.factory.xml.XmlBeanDefinitionReader loadBeanDefinitions
信息: Loading XML bean definitions from file [E:/Workspaces_Shop/shop-content/shop-content-service/src/main/resources/spring/applicationContext-service.xml]
一月 23, 2018 8:54:36 上午 org.springframework.beans.factory.xml.XmlBeanDefinitionReader loadBeanDefinitions
信息: Loading XML bean definitions from file [E:/Workspaces_Shop/shop-content/shop-content-service/src/main/resources/spring/applicationContext-redis.xml]
一月 23, 2018 8:54:37 上午 org.springframework.beans.factory.xml.XmlBeanDefinitionReader loadBeanDefinitions
信息: Loading XML bean definitions from file [E:/Workspaces_Shop/shop-content/shop-content-service/src/main/resources/spring/applicationContext-transaction.xml]
一月 23, 2018 8:54:37 上午 org.springframework.beans.factory.xml.XmlBeanDefinitionReader loadBeanDefinitions
信息: Loading XML bean definitions from file [E:/Workspaces_Shop/shop-content/shop-content-service/src/main/resources/spring/applicationContext-dao.xml]
一月 23, 2018 8:54:37 上午 org.springframework.beans.factory.xml.XmlBeanDefinitionReader loadBeanDefinitions
信息: Loading XML bean definitions from file [E:/Workspaces_Shop/shop-search-web/src/main/resources/spring/springmvc.xml]
一月 23, 2018 8:54:38 上午 org.springframework.beans.factory.xml.XmlBeanDefinitionReader loadBeanDefinitions
信息: Loading XML bean definitions from file [E:/Workspaces_Shop/shop-manager-web/src/main/resources/spring/springmvc.xml]
一月 23, 2018 8:55:27 上午 org.springframework.beans.factory.xml.XmlBeanDefinitionReader loadBeanDefinitions
信息: Loading XML bean definitions from file [E:/Workspaces_Shop/shop-manager/shop-manager-service/src/main/resources/spring/applicationContext-service.xml]
一月 23, 2018 8:55:27 上午 org.springframework.beans.factory.xml.XmlBeanDefinitionReader loadBeanDefinitions
信息: Loading XML bean definitions from file [E:/Workspaces_Shop/shop-manager/shop-manager-service/src/main/resources/spring/applicationContext-activemq.xml]
一月 23, 2018 8:55:27 上午 org.springframework.beans.factory.xml.XmlBeanDefinitionReader loadBeanDefinitions
信息: Loading XML bean definitions from file [E:/Workspaces_Shop/shop-manager/shop-manager-service/src/main/resources/spring/applicationContext-transaction.xml]
一月 23, 2018 8:55:28 上午 org.springframework.beans.factory.xml.XmlBeanDefinitionReader loadBeanDefinitions
信息: Loading XML bean definitions from file [E:/Workspaces_Shop/shop-manager/shop-manager-service/src/main/resources/spring/applicationContext-dao.xml]
一月 23, 2018 8:56:36 上午 org.springframework.beans.factory.xml.XmlBeanDefinitionReader loadBeanDefinitions
信息: Loading XML bean definitions from file [E:/Workspaces_Shop/shop-search/shop-search-service/src/main/resources/spring/applicationContext-solr.xml]
一月 23, 2018 8:56:37 上午 org.springframework.beans.factory.xml.XmlBeanDefinitionReader loadBeanDefinitions
信息: Loading XML bean definitions from file [E:/Workspaces_Shop/shop-search/shop-search-service/src/main/resources/spring/applicationContext-service.xml]
一月 23, 2018 8:56:37 上午 org.springframework.beans.factory.xml.XmlBeanDefinitionReader loadBeanDefinitions
信息: Loading XML bean definitions from file [E:/Workspaces_Shop/shop-search/shop-search-service/src/main/resources/spring/applicationContext-dao.xml]
一月 23, 2018 8:58:45 上午 org.springframework.beans.factory.xml.XmlBeanDefinitionReader loadBeanDefinitions
信息: Loading XML bean definitions from file [E:/Workspaces_Shop/shop-search/shop-search-service/src/main/resources/spring/applicationContext-activemq.xml]
一月 23, 2018 8:58:46 上午 org.springframework.beans.factory.xml.XmlBeanDefinitionReader loadBeanDefinitions
信息: Loading XML bean definitions from file [E:/Workspaces_Shop/shop-search/shop-search-service/src/main/resources/spring/applicationContext-service.xml]
一月 23, 2018 8:58:47 上午 org.springframework.beans.factory.xml.XmlBeanDefinitionReader loadBeanDefinitions
信息: Loading XML bean definitions from file [E:/Workspaces_Shop/shop-search/shop-search-service/src/main/resources/spring/applicationContext-solr.xml]
一月 23, 2018 8:58:47 上午 org.springframework.beans.factory.xml.XmlBeanDefinitionReader loadBeanDefinitions
信息: Loading XML bean definitions from file [E:/Workspaces_Shop/shop-search/shop-search-service/src/main/resources/spring/applicationContext-dao.xml]
一月 23, 2018 8:58:49 上午 org.springframework.beans.factory.xml.XmlBeanDefinitionReader loadBeanDefinitions
信息: Loading XML bean definitions from file [E:/Workspaces_Shop/shop-search/shop-search-service/src/main/resources/spring/applicationContext-solr.xml]
一月 23, 2018 8:58:49 上午 org.springframework.beans.factory.xml.XmlBeanDefinitionReader loadBeanDefinitions
信息: Loading XML bean definitions from file [E:/Workspaces_Shop/shop-search/shop-search-service/src/main/resources/spring/applicationContext-service.xml]
一月 23, 2018 8:58:49 上午 org.springframework.beans.factory.xml.XmlBeanDefinitionReader loadBeanDefinitions
信息: Loading XML bean definitions from file [E:/Workspaces_Shop/shop-search/shop-search-service/src/main/resources/spring/applicationContext-activemq.xml]
一月 23, 2018 8:58:49 上午 org.springframework.beans.factory.xml.XmlBeanDefinitionReader loadBeanDefinitions
信息: Loading XML bean definitions from file [E:/Workspaces_Shop/shop-search/shop-search-service/src/main/resources/spring/applicationContext-dao.xml]
一月 23, 2018 8:59:41 上午 org.springframework.beans.factory.xml.XmlBeanDefinitionReader loadBeanDefinitions
信息: Loading XML bean definitions from file [E:/Workspaces_Shop/shop-search/shop-search-service/src/main/resources/spring/applicationContext-solr.xml]
一月 23, 2018 8:59:42 上午 org.springframework.beans.factory.xml.XmlBeanDefinitionReader loadBeanDefinitions
信息: Loading XML bean definitions from file [E:/Workspaces_Shop/shop-search/shop-search-service/src/main/resources/spring/applicationContext-activemq.xml]
一月 23, 2018 8:59:43 上午 org.springframework.beans.factory.xml.XmlBeanDefinitionReader loadBeanDefinitions
信息: Loading XML bean definitions from file [E:/Workspaces_Shop/shop-search/shop-search-service/src/main/resources/spring/applicationContext-service.xml]
一月 23, 2018 8:59:43 上午 org.springframework.beans.factory.xml.XmlBeanDefinitionReader loadBeanDefinitions
信息: Loading XML bean definitions from file [E:/Workspaces_Shop/shop-search/shop-search-service/src/main/resources/spring/applicationContext-dao.xml]
一月 23, 2018 8:59:51 上午 org.springframework.beans.factory.xml.XmlBeanDefinitionReader loadBeanDefinitions
信息: Loading XML bean definitions from file [E:/Workspaces_Shop/shop-search/shop-search-service/src/main/resources/spring/applicationContext-solr.xml]
一月 23, 2018 8:59:51 上午 org.springframework.beans.factory.xml.XmlBeanDefinitionReader loadBeanDefinitions
信息: Loading XML bean definitions from file [E:/Workspaces_Shop/shop-search/shop-search-service/src/main/resources/spring/applicationContext-activemq.xml]
一月 23, 2018 8:59:52 上午 org.springframework.beans.factory.xml.XmlBeanDefinitionReader loadBeanDefinitions
信息: Loading XML bean definitions from file [E:/Workspaces_Shop/shop-search/shop-search-service/src/main/resources/spring/applicationContext-service.xml]
一月 23, 2018 8:59:52 上午 org.springframework.beans.factory.xml.XmlBeanDefinitionReader loadBeanDefinitions
信息: Loading XML bean definitions from file [E:/Workspaces_Shop/shop-search/shop-search-service/src/main/resources/spring/applicationContext-dao.xml]
一月 23, 2018 9:00:59 上午 org.springframework.beans.factory.xml.XmlBeanDefinitionReader loadBeanDefinitions
信息: Loading XML bean definitions from file [E:/Workspaces_Shop/shop-search/shop-search-service/src/main/resources/spring/applicationContext-solr.xml]
一月 23, 2018 9:00:59 上午 org.springframework.beans.factory.xml.XmlBeanDefinitionReader loadBeanDefinitions
信息: Loading XML bean definitions from file [E:/Workspaces_Shop/shop-search/shop-search-service/src/main/resources/spring/applicationContext-activemq.xml]
一月 23, 2018 9:00:59 上午 org.springframework.beans.factory.xml.XmlBeanDefinitionReader loadBeanDefinitions
信息: Loading XML bean definitions from file [E:/Workspaces_Shop/shop-search/shop-search-service/src/main/resources/spring/applicationContext-service.xml]
一月 23, 2018 9:00:59 上午 org.springframework.beans.factory.xml.XmlBeanDefinitionReader loadBeanDefinitions
信息: Loading XML bean definitions from file [E:/Workspaces_Shop/shop-search/shop-search-service/src/main/resources/spring/applicationContext-dao.xml]
一月 23, 2018 9:01:03 上午 org.springframework.beans.factory.xml.XmlBeanDefinitionReader loadBeanDefinitions
信息: Loading XML bean definitions from file [E:/Workspaces_Shop/shop-search/shop-search-service/src/main/resources/spring/applicationContext-solr.xml]
一月 23, 2018 9:01:03 上午 org.springframework.beans.factory.xml.XmlBeanDefinitionReader loadBeanDefinitions
信息: Loading XML bean definitions from file [E:/Workspaces_Shop/shop-search/shop-search-service/src/main/resources/spring/applicationContext-activemq.xml]
一月 23, 2018 9:01:03 上午 org.springframework.beans.factory.xml.XmlBeanDefinitionReader loadBeanDefinitions
信息: Loading XML bean definitions from file [E:/Workspaces_Shop/shop-search/shop-search-service/src/main/resources/spring/applicationContext-service.xml]
一月 23, 2018 9:01:03 上午 org.springframework.beans.factory.xml.XmlBeanDefinitionReader loadBeanDefinitions
信息: Loading XML bean definitions from file [E:/Workspaces_Shop/shop-search/shop-search-service/src/main/resources/spring/applicationContext-dao.xml]
一月 23, 2018 9:03:58 上午 org.springframework.beans.factory.xml.XmlBeanDefinitionReader loadBeanDefinitions
信息: Loading XML bean definitions from file [E:/Workspaces_Shop/shop-search/shop-search-service/src/main/resources/spring/applicationContext-solr.xml]
一月 23, 2018 9:03:58 上午 org.springframework.beans.factory.xml.XmlBeanDefinitionReader loadBeanDefinitions
信息: Loading XML bean definitions from file [E:/Workspaces_Shop/shop-search/shop-search-service/src/main/resources/spring/applicationContext-service.xml]
一月 23, 2018 9:03:59 上午 org.springframework.beans.factory.xml.XmlBeanDefinitionReader loadBeanDefinitions
信息: Loading XML bean definitions from file [E:/Workspaces_Shop/shop-search/shop-search-service/src/main/resources/spring/applicationContext-activemq.xml]
一月 23, 2018 9:03:59 上午 org.springframework.beans.factory.xml.XmlBeanDefinitionReader loadBeanDefinitions
信息: Loading XML bean definitions from file [E:/Workspaces_Shop/shop-search/shop-search-service/src/main/resources/spring/applicationContext-dao.xml]
一月 23, 2018 9:07:43 上午 org.springframework.beans.factory.xml.XmlBeanDefinitionReader loadBeanDefinitions
信息: Loading XML bean definitions from file [E:/Workspaces_Shop/shop-search/shop-search-service/src/main/resources/spring/applicationContext-solr.xml]
一月 23, 2018 9:07:43 上午 org.springframework.beans.factory.xml.XmlBeanDefinitionReader loadBeanDefinitions
信息: Loading XML bean definitions from file [E:/Workspaces_Shop/shop-search/shop-search-service/src/main/resources/spring/applicationContext-activemq.xml]
一月 23, 2018 9:07:44 上午 org.springframework.beans.factory.xml.XmlBeanDefinitionReader loadBeanDefinitions
信息: Loading XML bean definitions from file [E:/Workspaces_Shop/shop-search/shop-search-service/src/main/resources/spring/applicationContext-service.xml]
一月 23, 2018 9:07:44 上午 org.springframework.beans.factory.xml.XmlBeanDefinitionReader loadBeanDefinitions
信息: Loading XML bean definitions from file [E:/Workspaces_Shop/shop-search/shop-search-service/src/main/resources/spring/applicationContext-dao.xml]
一月 23, 2018 9:08:45 上午 org.springframework.beans.factory.xml.XmlBeanDefinitionReader loadBeanDefinitions
信息: Loading XML bean definitions from file [E:/Workspaces_Shop/shop-search/shop-search-service/src/main/resources/spring/applicationContext-solr.xml]
一月 23, 2018 9:08:45 上午 org.springframework.beans.factory.xml.XmlBeanDefinitionReader loadBeanDefinitions
信息: Loading XML bean definitions from file [E:/Workspaces_Shop/shop-search/shop-search-service/src/main/resources/spring/applicationContext-activemq.xml]
一月 23, 2018 9:08:46 上午 org.springframework.beans.factory.xml.XmlBeanDefinitionReader loadBeanDefinitions
信息: Loading XML bean definitions from file [E:/Workspaces_Shop/shop-search/shop-search-service/src/main/resources/spring/applicationContext-service.xml]
一月 23, 2018 9:08:46 上午 org.springframework.beans.factory.xml.XmlBeanDefinitionReader loadBeanDefinitions
信息: Loading XML bean definitions from file [E:/Workspaces_Shop/shop-search/shop-search-service/src/main/resources/spring/applicationContext-dao.xml]
一月 23, 2018 9:08:54 上午 org.springframework.beans.factory.xml.XmlBeanDefinitionReader loadBeanDefinitions
信息: Loading XML bean definitions from file [E:/Workspaces_Shop/shop-search/shop-search-service/src/main/resources/spring/applicationContext-solr.xml]
一月 23, 2018 9:08:54 上午 org.springframework.beans.factory.xml.XmlBeanDefinitionReader loadBeanDefinitions
信息: Loading XML bean definitions from file [E:/Workspaces_Shop/shop-search/shop-search-service/src/main/resources/spring/applicationContext-activemq.xml]
一月 23, 2018 9:08:55 上午 org.springframework.beans.factory.xml.XmlBeanDefinitionReader loadBeanDefinitions
信息: Loading XML bean definitions from file [E:/Workspaces_Shop/shop-search/shop-search-service/src/main/resources/spring/applicationContext-service.xml]
一月 23, 2018 9:08:55 上午 org.springframework.beans.factory.xml.XmlBeanDefinitionReader loadBeanDefinitions
信息: Loading XML bean definitions from file [E:/Workspaces_Shop/shop-search/shop-search-service/src/main/resources/spring/applicationContext-dao.xml]
一月 23, 2018 1:41:35 下午 org.springframework.beans.factory.xml.XmlBeanDefinitionReader loadBeanDefinitions
信息: Loading XML bean definitions from file [E:/Workspaces_Shop/shop-search/shop-search-service/src/main/resources/spring/applicationContext-solr.xml]
一月 23, 2018 1:41:35 下午 org.springframework.beans.factory.xml.XmlBeanDefinitionReader loadBeanDefinitions
信息: Loading XML bean definitions from file [E:/Workspaces_Shop/shop-search/shop-search-service/src/main/resources/spring/applicationContext-activemq.xml]
一月 23, 2018 1:41:36 下午 org.springframework.beans.factory.xml.XmlBeanDefinitionReader loadBeanDefinitions
信息: Loading XML bean definitions from file [E:/Workspaces_Shop/shop-search/shop-search-service/src/main/resources/spring/applicationContext-service.xml]
一月 23, 2018 1:41:36 下午 org.springframework.beans.factory.xml.XmlBeanDefinitionReader loadBeanDefinitions
信息: Loading XML bean definitions from file [E:/Workspaces_Shop/shop-search/shop-search-service/src/main/resources/spring/applicationContext-dao.xml]
一月 23, 2018 1:47:04 下午 org.springframework.beans.factory.xml.XmlBeanDefinitionReader loadBeanDefinitions
信息: Loading XML bean definitions from file [E:/Workspaces_Shop/shop-search/shop-search-service/src/main/resources/spring/applicationContext-solr.xml]
一月 23, 2018 1:47:04 下午 org.springframework.beans.factory.xml.XmlBeanDefinitionReader loadBeanDefinitions
信息: Loading XML bean definitions from file [E:/Workspaces_Shop/shop-search/shop-search-service/src/main/resources/spring/applicationContext-activemq.xml]
一月 23, 2018 1:47:05 下午 org.springframework.beans.factory.xml.XmlBeanDefinitionReader loadBeanDefinitions
信息: Loading XML bean definitions from file [E:/Workspaces_Shop/shop-search/shop-search-service/src/main/resources/spring/applicationContext-service.xml]
一月 23, 2018 1:47:05 下午 org.springframework.beans.factory.xml.XmlBeanDefinitionReader loadBeanDefinitions
信息: Loading XML bean definitions from file [E:/Workspaces_Shop/shop-search/shop-search-service/src/main/resources/spring/applicationContext-dao.xml]
一月 23, 2018 1:47:38 下午 org.springframework.beans.factory.xml.XmlBeanDefinitionReader loadBeanDefinitions
信息: Loading XML bean definitions from file [E:/Workspaces_Shop/shop-search/shop-search-service/src/main/resources/spring/applicationContext-solr.xml]
一月 23, 2018 1:47:38 下午 org.springframework.beans.factory.xml.XmlBeanDefinitionReader loadBeanDefinitions
信息: Loading XML bean definitions from file [E:/Workspaces_Shop/shop-search/shop-search-service/src/main/resources/spring/applicationContext-activemq.xml]
一月 23, 2018 1:47:38 下午 org.springframework.beans.factory.xml.XmlBeanDefinitionReader loadBeanDefinitions
信息: Loading XML bean definitions from file [E:/Workspaces_Shop/shop-search/shop-search-service/src/main/resources/spring/applicationContext-service.xml]
一月 23, 2018 1:47:38 下午 org.springframework.beans.factory.xml.XmlBeanDefinitionReader loadBeanDefinitions
信息: Loading XML bean definitions from file [E:/Workspaces_Shop/shop-search/shop-search-service/src/main/resources/spring/applicationContext-dao.xml]
一月 23, 2018 1:47:56 下午 org.springframework.beans.factory.xml.XmlBeanDefinitionReader loadBeanDefinitions
信息: Loading XML bean definitions from file [E:/Workspaces_Shop/shop-search/shop-search-service/src/main/resources/spring/applicationContext-solr.xml]
一月 23, 2018 1:47:56 下午 org.springframework.beans.factory.xml.XmlBeanDefinitionReader loadBeanDefinitions
信息: Loading XML bean definitions from file [E:/Workspaces_Shop/shop-search/shop-search-service/src/main/resources/spring/applicationContext-activemq.xml]
一月 23, 2018 1:47:57 下午 org.springframework.beans.factory.xml.XmlBeanDefinitionReader loadBeanDefinitions
信息: Loading XML bean definitions from file [E:/Workspaces_Shop/shop-search/shop-search-service/src/main/resources/spring/applicationContext-service.xml]
一月 23, 2018 1:47:57 下午 org.springframework.beans.factory.xml.XmlBeanDefinitionReader loadBeanDefinitions
信息: Loading XML bean definitions from file [E:/Workspaces_Shop/shop-search/shop-search-service/src/main/resources/spring/applicationContext-dao.xml]
一月 23, 2018 1:48:11 下午 org.springframework.beans.factory.xml.XmlBeanDefinitionReader loadBeanDefinitions
信息: Loading XML bean definitions from file [E:/Workspaces_Shop/shop-search/shop-search-service/src/main/resources/spring/applicationContext-solr.xml]
一月 23, 2018 1:48:11 下午 org.springframework.beans.factory.xml.XmlBeanDefinitionReader loadBeanDefinitions
信息: Loading XML bean definitions from file [E:/Workspaces_Shop/shop-search/shop-search-service/src/main/resources/spring/applicationContext-activemq.xml]
一月 23, 2018 1:48:12 下午 org.springframework.beans.factory.xml.XmlBeanDefinitionReader loadBeanDefinitions
信息: Loading XML bean definitions from file [E:/Workspaces_Shop/shop-search/shop-search-service/src/main/resources/spring/applicationContext-service.xml]
一月 23, 2018 1:48:12 下午 org.springframework.beans.factory.xml.XmlBeanDefinitionReader loadBeanDefinitions
信息: Loading XML bean definitions from file [E:/Workspaces_Shop/shop-search/shop-search-service/src/main/resources/spring/applicationContext-dao.xml]
一月 23, 2018 1:50:30 下午 org.springframework.beans.factory.xml.XmlBeanDefinitionReader loadBeanDefinitions
信息: Loading XML bean definitions from file [E:/Workspaces_Shop/shop-search/shop-search-service/src/main/resources/spring/applicationContext-solr.xml]
一月 23, 2018 1:50:30 下午 org.springframework.beans.factory.xml.XmlBeanDefinitionReader loadBeanDefinitions
信息: Loading XML bean definitions from file [E:/Workspaces_Shop/shop-search/shop-search-service/src/main/resources/spring/applicationContext-activemq.xml]
一月 23, 2018 1:50:30 下午 org.springframework.beans.factory.xml.XmlBeanDefinitionReader loadBeanDefinitions
信息: Loading XML bean definitions from file [E:/Workspaces_Shop/shop-search/shop-search-service/src/main/resources/spring/applicationContext-service.xml]
一月 23, 2018 1:50:30 下午 org.springframework.beans.factory.xml.XmlBeanDefinitionReader loadBeanDefinitions
信息: Loading XML bean definitions from file [E:/Workspaces_Shop/shop-search/shop-search-service/src/main/resources/spring/applicationContext-dao.xml]
一月 23, 2018 1:52:37 下午 org.springframework.beans.factory.xml.XmlBeanDefinitionReader loadBeanDefinitions
信息: Loading XML bean definitions from file [E:/Workspaces_Shop/shop-search/shop-search-service/src/main/resources/spring/applicationContext-solr.xml]
一月 23, 2018 1:52:37 下午 org.springframework.beans.factory.xml.XmlBeanDefinitionReader loadBeanDefinitions
信息: Loading XML bean definitions from file [E:/Workspaces_Shop/shop-search/shop-search-service/src/main/resources/spring/applicationContext-service.xml]
一月 23, 2018 1:52:37 下午 org.springframework.beans.factory.xml.XmlBeanDefinitionReader loadBeanDefinitions
信息: Loading XML bean definitions from file [E:/Workspaces_Shop/shop-search/shop-search-service/src/main/resources/spring/applicationContext-activemq.xml]
一月 23, 2018 1:52:37 下午 org.springframework.beans.factory.xml.XmlBeanDefinitionReader loadBeanDefinitions
信息: Loading XML bean definitions from file [E:/Workspaces_Shop/shop-search/shop-search-service/src/main/resources/spring/applicationContext-dao.xml]
一月 23, 2018 1:55:41 下午 org.springframework.beans.factory.xml.XmlBeanDefinitionReader loadBeanDefinitions
信息: Loading XML bean definitions from file [E:/Workspaces_Shop/shop-manager/shop-manager-service/src/main/resources/spring/applicationContext-service.xml]
一月 23, 2018 1:55:41 下午 org.springframework.beans.factory.xml.XmlBeanDefinitionReader loadBeanDefinitions
信息: Loading XML bean definitions from file [E:/Workspaces_Shop/shop-manager/shop-manager-service/src/main/resources/spring/applicationContext-activemq.xml]
一月 23, 2018 1:55:41 下午 org.springframework.beans.factory.xml.XmlBeanDefinitionReader loadBeanDefinitions
信息: Loading XML bean definitions from file [E:/Workspaces_Shop/shop-manager/shop-manager-service/src/main/resources/spring/applicationContext-transaction.xml]
一月 23, 2018 1:55:41 下午 org.springframework.beans.factory.xml.XmlBeanDefinitionReader loadBeanDefinitions
信息: Loading XML bean definitions from file [E:/Workspaces_Shop/shop-manager/shop-manager-service/src/main/resources/spring/applicationContext-dao.xml]
一月 23, 2018 1:56:36 下午 org.springframework.beans.factory.xml.XmlBeanDefinitionReader loadBeanDefinitions
信息: Loading XML bean definitions from file [E:/Workspaces_Shop/shop-manager/shop-manager-service/src/main/resources/spring/applicationContext-service.xml]
一月 23, 2018 1:56:36 下午 org.springframework.beans.factory.xml.XmlBeanDefinitionReader loadBeanDefinitions
信息: Loading XML bean definitions from file [E:/Workspaces_Shop/shop-manager/shop-manager-service/src/main/resources/spring/applicationContext-activemq.xml]
一月 23, 2018 1:56:36 下午 org.springframework.beans.factory.xml.XmlBeanDefinitionReader loadBeanDefinitions
信息: Loading XML bean definitions from file [E:/Workspaces_Shop/shop-manager/shop-manager-service/src/main/resources/spring/applicationContext-transaction.xml]
一月 23, 2018 1:56:37 下午 org.springframework.beans.factory.xml.XmlBeanDefinitionReader loadBeanDefinitions
信息: Loading XML bean definitions from file [E:/Workspaces_Shop/shop-manager/shop-manager-service/src/main/resources/spring/applicationContext-dao.xml]
一月 23, 2018 1:57:13 下午 org.springframework.beans.factory.xml.XmlBeanDefinitionReader loadBeanDefinitions
信息: Loading XML bean definitions from file [E:/Workspaces_Shop/shop-manager/shop-manager-service/src/main/resources/spring/applicationContext-service.xml]
一月 23, 2018 1:57:14 下午 org.springframework.beans.factory.xml.XmlBeanDefinitionReader loadBeanDefinitions
信息: Loading XML bean definitions from file [E:/Workspaces_Shop/shop-manager/shop-manager-service/src/main/resources/spring/applicationContext-activemq.xml]
一月 23, 2018 1:57:14 下午 org.springframework.beans.factory.xml.XmlBeanDefinitionReader loadBeanDefinitions
信息: Loading XML bean definitions from file [E:/Workspaces_Shop/shop-manager/shop-manager-service/src/main/resources/spring/applicationContext-transaction.xml]
一月 23, 2018 1:57:14 下午 org.springframework.beans.factory.xml.XmlBeanDefinitionReader loadBeanDefinitions
信息: Loading XML bean definitions from file [E:/Workspaces_Shop/shop-manager/shop-manager-service/src/main/resources/spring/applicationContext-dao.xml]
一月 23, 2018 1:57:25 下午 org.springframework.beans.factory.xml.XmlBeanDefinitionReader loadBeanDefinitions
信息: Loading XML bean definitions from file [E:/Workspaces_Shop/shop-manager/shop-manager-service/src/main/resources/spring/applicationContext-service.xml]
一月 23, 2018 1:57:26 下午 org.springframework.beans.factory.xml.XmlBeanDefinitionReader loadBeanDefinitions
信息: Loading XML bean definitions from file [E:/Workspaces_Shop/shop-manager/shop-manager-service/src/main/resources/spring/applicationContext-activemq.xml]
一月 23, 2018 1:57:26 下午 org.springframework.beans.factory.xml.XmlBeanDefinitionReader loadBeanDefinitions
信息: Loading XML bean definitions from file [E:/Workspaces_Shop/shop-manager/shop-manager-service/src/main/resources/spring/applicationContext-transaction.xml]
一月 23, 2018 1:57:26 下午 org.springframework.beans.factory.xml.XmlBeanDefinitionReader loadBeanDefinitions
信息: Loading XML bean definitions from file [E:/Workspaces_Shop/shop-manager/shop-manager-service/src/main/resources/spring/applicationContext-dao.xml]
一月 23, 2018 1:57:31 下午 org.springframework.beans.factory.xml.XmlBeanDefinitionReader loadBeanDefinitions
信息: Loading XML bean definitions from file [E:/Workspaces_Shop/shop-manager/shop-manager-service/src/main/resources/spring/applicationContext-service.xml]
一月 23, 2018 1:57:31 下午 org.springframework.beans.factory.xml.XmlBeanDefinitionReader loadBeanDefinitions
信息: Loading XML bean definitions from file [E:/Workspaces_Shop/shop-manager/shop-manager-service/src/main/resources/spring/applicationContext-activemq.xml]
一月 23, 2018 1:57:31 下午 org.springframework.beans.factory.xml.XmlBeanDefinitionReader loadBeanDefinitions
信息: Loading XML bean definitions from file [E:/Workspaces_Shop/shop-manager/shop-manager-service/src/main/resources/spring/applicationContext-transaction.xml]
一月 23, 2018 1:57:31 下午 org.springframework.beans.factory.xml.XmlBeanDefinitionReader loadBeanDefinitions
信息: Loading XML bean definitions from file [E:/Workspaces_Shop/shop-manager/shop-manager-service/src/main/resources/spring/applicationContext-dao.xml]
一月 23, 2018 2:47:26 下午 org.springframework.beans.factory.xml.XmlBeanDefinitionReader loadBeanDefinitions
信息: Loading XML bean definitions from file [E:/Workspaces_Shop/shop-item-web/src/main/resources/spring/springmvc.xml]
