一月 18, 2018 8:43:32 上午 com.genuitec.pulse.client.deliverypackage.runtime.internal.Activator initializeLoggers
信息: Package starting up at Thu Jan 18 08:43:32 GMT+08:00 2018
一月 18, 2018 8:43:36 上午 org.springframework.beans.factory.xml.XmlBeanDefinitionReader loadBeanDefinitions
信息: Loading XML bean definitions from file [E:/Workspaces_Shop/shop-home-web/src/main/resources/spring/springmvc.xml]
一月 18, 2018 8:43:38 上午 com.genuitec.pulse.client.deliverypackage.runtime.UpdatesService checkForWorkspaceUpdates
信息: Latest version of package has already been enabled in the workspace; check finished in 136ms
一月 18, 2018 8:43:49 上午 org.springframework.beans.factory.xml.XmlBeanDefinitionReader loadBeanDefinitions
信息: Loading XML bean definitions from file [E:/Workspaces_Shop/shop-content/shop-content-service/src/main/resources/spring/applicationContext-transaction.xml]
一月 18, 2018 8:43:51 上午 org.springframework.beans.factory.xml.XmlBeanDefinitionReader loadBeanDefinitions
信息: Loading XML bean definitions from file [E:/Workspaces_Shop/shop-content/shop-content-service/src/main/resources/spring/applicationContext-dao.xml]
一月 18, 2018 8:43:51 上午 org.springframework.beans.factory.xml.XmlBeanDefinitionReader loadBeanDefinitions
信息: Loading XML bean definitions from file [E:/Workspaces_Shop/shop-content/shop-content-service/src/main/resources/spring/applicationContext-service.xml]
一月 18, 2018 8:43:53 上午 org.springframework.beans.factory.xml.XmlBeanDefinitionReader loadBeanDefinitions
信息: Loading XML bean definitions from file [E:/Workspaces_Shop/shop-content/shop-content-service/src/main/resources/spring/applicationContext-redis.xml]
一月 18, 2018 8:43:56 上午 org.springframework.beans.factory.xml.XmlBeanDefinitionReader loadBeanDefinitions
信息: Loading XML bean definitions from file [E:/Workspaces_Shop/shop-manager/shop-manager-service/src/main/resources/spring/applicationContext-service.xml]
一月 18, 2018 8:43:57 上午 org.springframework.beans.factory.xml.XmlBeanDefinitionReader loadBeanDefinitions
信息: Loading XML bean definitions from file [E:/Workspaces_Shop/shop-manager/shop-manager-service/src/main/resources/spring/applicationContext-transaction.xml]
一月 18, 2018 8:43:58 上午 org.springframework.beans.factory.xml.XmlBeanDefinitionReader loadBeanDefinitions
信息: Loading XML bean definitions from file [E:/Workspaces_Shop/shop-manager/shop-manager-service/src/main/resources/spring/applicationContext-dao.xml]
一月 18, 2018 8:44:13 上午 org.springframework.beans.factory.xml.XmlBeanDefinitionReader loadBeanDefinitions
信息: Loading XML bean definitions from file [E:/Workspaces_Shop/shop-manager-web/src/main/resources/spring/springmvc.xml]
一月 18, 2018 8:44:14 上午 org.springframework.beans.factory.xml.XmlBeanDefinitionReader loadBeanDefinitions
信息: Loading XML bean definitions from file [E:/Workspaces_Shop/shop-search/shop-search-service/src/main/resources/spring/applicationContext-solr.xml]
一月 18, 2018 8:44:15 上午 org.springframework.beans.factory.xml.XmlBeanDefinitionReader loadBeanDefinitions
信息: Loading XML bean definitions from file [E:/Workspaces_Shop/shop-search/shop-search-service/src/main/resources/spring/applicationContext-service.xml]
一月 18, 2018 8:44:16 上午 org.springframework.beans.factory.xml.XmlBeanDefinitionReader loadBeanDefinitions
信息: Loading XML bean definitions from file [E:/Workspaces_Shop/shop-search/shop-search-service/src/main/resources/spring/applicationContext-dao.xml]
一月 18, 2018 8:44:22 上午 org.springframework.beans.factory.xml.XmlBeanDefinitionReader loadBeanDefinitions
信息: Loading XML bean definitions from file [E:/Workspaces_Shop/shop-search-web/src/main/resources/spring/springmvc.xml]
一月 18, 2018 8:54:59 上午 org.springframework.beans.factory.xml.XmlBeanDefinitionReader loadBeanDefinitions
信息: Loading XML bean definitions from file [E:/Workspaces_Shop/shop-search-web/src/main/resources/spring/springmvc.xml]
一月 18, 2018 9:21:34 上午 org.hibernate.eclipse.HibernatePlugin start
信息: HibernatePlugin Started
